<?xml version="1.0" encoding="UTF-8"?>
<!-- Generated by org.testng.reporters.JUnitXMLReporter -->
<testsuite hostname="MBP-Dmitriy.local" ignored="0" name="Default test" tests="10" failures="0" timestamp="2020-04-15T20:06:12 PDT" time="0.099" errors="0">
  <testcase name="test" time="0.015" classname="core.PrimeNumberCheckerTestOld"/>
  <testcase name="test" time="0.002" classname="core.PrimeNumberCheckerTestOld"/>
  <testcase name="test" time="0.002" classname="core.PrimeNumberCheckerTestOld"/>
  <testcase name="test" time="0.002" classname="core.PrimeNumberCheckerTestOld"/>
  <testcase name="test" time="0.002" classname="core.PrimeNumberCheckerTestOld"/>
  <testcase name="test" time="0.002" classname="core.PrimeNumberCheckerTestOld"/>
  <testcase name="test" time="0.001" classname="core.PrimeNumberCheckerTestOld"/>
  <testcase name="test" time="0.001" classname="core.PrimeNumberCheckerTestOld"/>
  <testcase name="test" time="0.002" classname="core.PrimeNumberCheckerTestOld"/>
  <testcase name="test" time="0.001" classname="core.PrimeNumberCheckerTestOld"/>
</testsuite> <!-- Default test -->
